#
# There is insufficient memory for the Java Runtime Environment to continue.
# Native memory allocation (malloc) failed to allocate 860176 bytes for Chunk::new
# Possible reasons:
#   The system is out of physical RAM or swap space
#   The process is running with CompressedOops enabled, and the Java Heap may be blocking the growth of the native heap
# Possible solutions:
#   Reduce memory load on the system
#   Increase physical memory or swap space
#   Check if swap backing store is full
#   Decrease Java heap size (-Xmx/-Xms)
#   Decrease number of Java threads
#   Decrease Java thread stack sizes (-Xss)
#   Set larger code cache with -XX:ReservedCodeCacheSize=
#   JVM is running with Unscaled Compressed Oops mode in which the Java heap is
#     placed in the first 4GB address space. The Java Heap base address is the
#     maximum limit for the native heap growth. Please use -XX:HeapBaseMinAddress
#     to set the Java Heap base and to place the Java Heap above 4GB virtual address.
# This output file may be truncated or incomplete.
#
#  Out of Memory Error (arena.cpp:189), pid=7872, tid=6820
#
# JRE version: Java(TM) SE Runtime Environment (17.0.10+11) (build 17.0.10+11-LTS-240)
# Java VM: Java HotSpot(TM) 64-Bit Server VM (17.0.10+11-LTS-240, mixed mode, sharing, tiered, compressed oops, compressed class ptrs, g1 gc, windows-amd64)
# No core dump will be written. Minidumps are not enabled by default on client versions of Windows
#

---------------  S U M M A R Y ------------

Command Line: -Dclassworlds.conf=C:\Users\Carlo\.m2\wrapper\dists\apache-maven-3.9.9\977a63e90f436cd6ade95b4c0e10c20c\bin\m2.conf -Dmaven.home=C:\Users\Carlo\.m2\wrapper\dists\apache-maven-3.9.9\977a63e90f436cd6ade95b4c0e10c20c -Dlibrary.jansi.path=C:\Users\Carlo\.m2\wrapper\dists\apache-maven-3.9.9\977a63e90f436cd6ade95b4c0e10c20c\lib\jansi-native -Dmaven.multiModuleProjectDirectory=C:\Users\Carlo\OneDrive\Desktop\desafio anlix\backend org.codehaus.plexus.classworlds.launcher.Launcher clean package -DskipTests

Host: Intel(R) Core(TM) i3-10110U CPU @ 2.10GHz, 4 cores, 3G,  Windows 11 , 64 bit Build 26100 (10.0.26100.3775)
Time: Tue Apr 15 14:52:24 2025 Hora oficial do Brasil elapsed time: 46.668462 seconds (0d 0h 0m 46s)

---------------  T H R E A D  ---------------

Current thread (0x000001974ca12690):  JavaThread "C2 CompilerThread0" daemon [_thread_in_native, id=6820, stack(0x000000893ef00000,0x000000893f000000)]


Current CompileTask:
C2:  46668 7763       4       org.apache.maven.model.inheritance.DefaultInheritanceAssembler$InheritanceModelMerger::mergePluginContainer_Plugins (433 bytes)

Stack: [0x000000893ef00000,0x000000893f000000]
Native frames: (J=compiled Java code, j=interpreted, Vv=VM code, C=native code)
V  [jvm.dll+0x677a5a]
V  [jvm.dll+0x7d8b2d]
V  [jvm.dll+0x7da48e]
V  [jvm.dll+0x7daaf3]
V  [jvm.dll+0x2455ff]
V  [jvm.dll+0xaaafb]
V  [jvm.dll+0xab09c]
V  [jvm.dll+0x2aafef]
V  [jvm.dll+0x57fd55]
V  [jvm.dll+0x220472]
V  [jvm.dll+0x219070]
V  [jvm.dll+0x216c79]
V  [jvm.dll+0x1a3410]
V  [jvm.dll+0x226aeb]
V  [jvm.dll+0x224cab]
V  [jvm.dll+0x78e45c]
V  [jvm.dll+0x78888a]
V  [jvm.dll+0x676935]
C  [ucrtbase.dll+0x37b0]
C  [KERNEL32.DLL+0x2e8d7]
C  [ntdll.dll+0xb14fc]


---------------  P R O C E S S  ---------------

Threads class SMR info:
_java_thread_list=0x0000019792c6b9a0, length=13, elements={
0x000001972f886130, 0x000001972f944fa0, 0x000001972f94af90, 0x000001974ca0f4c0,
0x000001974ca0fe80, 0x000001974ca10840, 0x000001974ca119a0, 0x000001974ca12690,
0x000001974ca238f0, 0x000001974ca29fa0, 0x000001974cc7cb00, 0x000001974cc85450,
0x0000019793131450
}

Java Threads: ( => current thread )
  0x000001972f886130 JavaThread "main" [_thread_in_Java, id=11532, stack(0x000000893e200000,0x000000893e300000)]
  0x000001972f944fa0 JavaThread "Reference Handler" daemon [_thread_blocked, id=17384, stack(0x000000893e900000,0x000000893ea00000)]
  0x000001972f94af90 JavaThread "Finalizer" daemon [_thread_blocked, id=8300, stack(0x000000893ea00000,0x000000893eb00000)]
  0x000001974ca0f4c0 JavaThread "Signal Dispatcher" daemon [_thread_blocked, id=4184, stack(0x000000893eb00000,0x000000893ec00000)]
  0x000001974ca0fe80 JavaThread "Attach Listener" daemon [_thread_blocked, id=13876, stack(0x000000893ec00000,0x000000893ed00000)]
  0x000001974ca10840 JavaThread "Service Thread" daemon [_thread_blocked, id=13856, stack(0x000000893ed00000,0x000000893ee00000)]
  0x000001974ca119a0 JavaThread "Monitor Deflation Thread" daemon [_thread_blocked, id=11424, stack(0x000000893ee00000,0x000000893ef00000)]
=>0x000001974ca12690 JavaThread "C2 CompilerThread0" daemon [_thread_in_native, id=6820, stack(0x000000893ef00000,0x000000893f000000)]
  0x000001974ca238f0 JavaThread "C1 CompilerThread0" daemon [_thread_blocked, id=13792, stack(0x000000893f000000,0x000000893f100000)]
  0x000001974ca29fa0 JavaThread "Sweeper thread" daemon [_thread_blocked, id=11328, stack(0x000000893f100000,0x000000893f200000)]
  0x000001974cc7cb00 JavaThread "Notification Thread" daemon [_thread_blocked, id=5280, stack(0x000000893f200000,0x000000893f300000)]
  0x000001974cc85450 JavaThread "Common-Cleaner" daemon [_thread_blocked, id=19940, stack(0x000000893f400000,0x000000893f500000)]
  0x0000019793131450 JavaThread "Thread-1" daemon [_thread_blocked, id=19508, stack(0x000000893f900000,0x000000893fa00000)]

Other Threads:
  0x000001972f940d60 VMThread "VM Thread" [stack: 0x000000893e800000,0x000000893e900000] [id=3732]
  0x000001974cc83000 WatcherThread [stack: 0x000000893f300000,0x000000893f400000] [id=1184]
  0x000001972f8bb660 GCTaskThread "GC Thread#0" [stack: 0x000000893e300000,0x000000893e400000] [id=14220]
  0x0000019792536510 GCTaskThread "GC Thread#1" [stack: 0x000000893f600000,0x000000893f700000] [id=12744]
  0x000001979203bcd0 GCTaskThread "GC Thread#2" [stack: 0x000000893f700000,0x000000893f800000] [id=320]
  0x000001979250b820 GCTaskThread "GC Thread#3" [stack: 0x000000893f800000,0x000000893f900000] [id=10936]
  0x000001972f8c5d90 ConcurrentGCThread "G1 Main Marker" [stack: 0x000000893e400000,0x000000893e500000] [id=9664]
  0x000001972f8c7df0 ConcurrentGCThread "G1 Conc#0" [stack: 0x000000893e500000,0x000000893e600000] [id=7520]
  0x000001972f910340 ConcurrentGCThread "G1 Refine#0" [stack: 0x000000893e600000,0x000000893e700000] [id=15416]
  0x0000019792ea8c00 ConcurrentGCThread "G1 Refine#1" [stack: 0x000000893f500000,0x000000893f600000] [id=17608]
  0x000001972f911c20 ConcurrentGCThread "G1 Service" [stack: 0x000000893e700000,0x000000893e800000] [id=5420]

Threads with active compile tasks:
C2 CompilerThread0    46751 7763       4       org.apache.maven.model.inheritance.DefaultInheritanceAssembler$InheritanceModelMerger::mergePluginContainer_Plugins (433 bytes)

VM state: not at safepoint (normal execution)

VM Mutex/Monitor currently owned by a thread: None

Heap address: 0x00000000c2800000, size: 984 MB, Compressed Oops mode: 32-bit

CDS archive(s) mapped at: [0x000001974d000000-0x000001974dbd0000-0x000001974dbd0000), size 12386304, SharedBaseAddress: 0x000001974d000000, ArchiveRelocationMode: 1.
Compressed class space mapped at: 0x000001974e000000-0x000001978e000000, reserved size: 1073741824
Narrow klass base: 0x000001974d000000, Narrow klass shift: 0, Narrow klass range: 0x100000000

GC Precious Log:
 CPUs: 4 total, 4 available
 Memory: 3930M
 Large Page Support: Disabled
 NUMA Support: Disabled
 Compressed Oops: Enabled (32-bit)
 Heap Region Size: 1M
 Heap Min Capacity: 8M
 Heap Initial Capacity: 62M
 Heap Max Capacity: 984M
 Pre-touch: Disabled
 Parallel Workers: 4
 Concurrent Workers: 1
 Concurrent Refinement Workers: 4
 Periodic GC: Disabled

Heap:
 garbage-first heap   total 157696K, used 70105K [0x00000000c2800000, 0x0000000100000000)
  region size 1024K, 27 young (27648K), 1 survivors (1024K)
 Metaspace       used 31367K, committed 31808K, reserved 1114112K
  class space    used 3554K, committed 3776K, reserved 1048576K

Heap Regions: E=young(eden), S=young(survivor), O=old, HS=humongous(starts), HC=humongous(continues), CS=collection set, F=free, OA=open archive, CA=closed archive, TAMS=top-at-mark-start (previous, next)
|   0|0x00000000c2800000, 0x00000000c2900000, 0x00000000c2900000|100%| O|  |TAMS 0x00000000c2900000, 0x00000000c2800000| Untracked 
|   1|0x00000000c2900000, 0x00000000c2a00000, 0x00000000c2a00000|100%| O|  |TAMS 0x00000000c2a00000, 0x00000000c2900000| Untracked 
|   2|0x00000000c2a00000, 0x00000000c2b00000, 0x00000000c2b00000|100%| O|  |TAMS 0x00000000c2b00000, 0x00000000c2a00000| Untracked 
|   3|0x00000000c2b00000, 0x00000000c2c00000, 0x00000000c2c00000|100%| O|  |TAMS 0x00000000c2c00000, 0x00000000c2b00000| Untracked 
|   4|0x00000000c2c00000, 0x00000000c2d00000, 0x00000000c2d00000|100%| O|  |TAMS 0x00000000c2d00000, 0x00000000c2c00000| Untracked 
|   5|0x00000000c2d00000, 0x00000000c2e00000, 0x00000000c2e00000|100%| O|  |TAMS 0x00000000c2e00000, 0x00000000c2d00000| Untracked 
|   6|0x00000000c2e00000, 0x00000000c2f00000, 0x00000000c2f00000|100%| O|  |TAMS 0x00000000c2f00000, 0x00000000c2e00000| Untracked 
|   7|0x00000000c2f00000, 0x00000000c3000000, 0x00000000c3000000|100%| O|  |TAMS 0x00000000c3000000, 0x00000000c2f00000| Untracked 
|   8|0x00000000c3000000, 0x00000000c3100000, 0x00000000c3100000|100%| O|  |TAMS 0x00000000c3100000, 0x00000000c3000000| Untracked 
|   9|0x00000000c3100000, 0x00000000c3200000, 0x00000000c3200000|100%| O|  |TAMS 0x00000000c3200000, 0x00000000c3100000| Untracked 
|  10|0x00000000c3200000, 0x00000000c3300000, 0x00000000c3300000|100%| O|  |TAMS 0x00000000c3300000, 0x00000000c3200000| Untracked 
|  11|0x00000000c3300000, 0x00000000c3400000, 0x00000000c3400000|100%| O|  |TAMS 0x00000000c3400000, 0x00000000c3300000| Untracked 
|  12|0x00000000c3400000, 0x00000000c3500000, 0x00000000c3500000|100%| O|  |TAMS 0x00000000c3500000, 0x00000000c3400000| Untracked 
|  13|0x00000000c3500000, 0x00000000c3500000, 0x00000000c3600000|  0%| F|  |TAMS 0x00000000c3500000, 0x00000000c3500000| Untracked 
|  14|0x00000000c3600000, 0x00000000c3700000, 0x00000000c3700000|100%| O|  |TAMS 0x00000000c3700000, 0x00000000c3600000| Untracked 
|  15|0x00000000c3700000, 0x00000000c3800000, 0x00000000c3800000|100%| O|  |TAMS 0x00000000c3800000, 0x00000000c3700000| Untracked 
|  16|0x00000000c3800000, 0x00000000c3900000, 0x00000000c3900000|100%| O|  |TAMS 0x00000000c3900000, 0x00000000c3800000| Untracked 
|  17|0x00000000c3900000, 0x00000000c3a00000, 0x00000000c3a00000|100%| O|  |TAMS 0x00000000c3a00000, 0x00000000c3900000| Untracked 
|  18|0x00000000c3a00000, 0x00000000c3b00000, 0x00000000c3b00000|100%| O|  |TAMS 0x00000000c3b00000, 0x00000000c3a00000| Untracked 
|  19|0x00000000c3b00000, 0x00000000c3c00000, 0x00000000c3c00000|100%| O|  |TAMS 0x00000000c3c00000, 0x00000000c3b00000| Untracked 
|  20|0x00000000c3c00000, 0x00000000c3d00000, 0x00000000c3d00000|100%| O|  |TAMS 0x00000000c3d00000, 0x00000000c3c00000| Untracked 
|  21|0x00000000c3d00000, 0x00000000c3e00000, 0x00000000c3e00000|100%| O|  |TAMS 0x00000000c3e00000, 0x00000000c3d00000| Untracked 
|  22|0x00000000c3e00000, 0x00000000c3f00000, 0x00000000c3f00000|100%| O|  |TAMS 0x00000000c3f00000, 0x00000000c3e00000| Untracked 
|  23|0x00000000c3f00000, 0x00000000c4000000, 0x00000000c4000000|100%| O|  |TAMS 0x00000000c4000000, 0x00000000c3f00000| Untracked 
|  24|0x00000000c4000000, 0x00000000c4100000, 0x00000000c4100000|100%| O|  |TAMS 0x00000000c4100000, 0x00000000c4000000| Untracked 
|  25|0x00000000c4100000, 0x00000000c4200000, 0x00000000c4200000|100%| O|  |TAMS 0x00000000c4200000, 0x00000000c4100000| Untracked 
|  26|0x00000000c4200000, 0x00000000c4300000, 0x00000000c4300000|100%| O|  |TAMS 0x00000000c4300000, 0x00000000c4200000| Untracked 
|  27|0x00000000c4300000, 0x00000000c4400000, 0x00000000c4400000|100%| O|  |TAMS 0x00000000c4400000, 0x00000000c4300000| Untracked 
|  28|0x00000000c4400000, 0x00000000c4400000, 0x00000000c4500000|  0%| F|  |TAMS 0x00000000c4400000, 0x00000000c4400000| Untracked 
|  29|0x00000000c4500000, 0x00000000c4500000, 0x00000000c4600000|  0%| F|  |TAMS 0x00000000c4500000, 0x00000000c4500000| Untracked 
|  30|0x00000000c4600000, 0x00000000c4700000, 0x00000000c4700000|100%| O|  |TAMS 0x00000000c4700000, 0x00000000c4600000| Untracked 
|  31|0x00000000c4700000, 0x00000000c4700000, 0x00000000c4800000|  0%| F|  |TAMS 0x00000000c4700000, 0x00000000c4700000| Untracked 
|  32|0x00000000c4800000, 0x00000000c4836600, 0x00000000c4900000| 21%| O|  |TAMS 0x00000000c4836600, 0x00000000c4800000| Complete 
|  33|0x00000000c4900000, 0x00000000c4900000, 0x00000000c4a00000|  0%| F|  |TAMS 0x00000000c4900000, 0x00000000c4900000| Untracked 
|  34|0x00000000c4a00000, 0x00000000c4a00000, 0x00000000c4b00000|  0%| F|  |TAMS 0x00000000c4a00000, 0x00000000c4a00000| Untracked 
|  35|0x00000000c4b00000, 0x00000000c4b00000, 0x00000000c4c00000|  0%| F|  |TAMS 0x00000000c4b00000, 0x00000000c4b00000| Untracked 
|  36|0x00000000c4c00000, 0x00000000c4c00000, 0x00000000c4d00000|  0%| F|  |TAMS 0x00000000c4c00000, 0x00000000c4c00000| Untracked 
|  37|0x00000000c4d00000, 0x00000000c4d00000, 0x00000000c4e00000|  0%| F|  |TAMS 0x00000000c4d00000, 0x00000000c4d00000| Untracked 
|  38|0x00000000c4e00000, 0x00000000c4f00000, 0x00000000c4f00000|100%|HS|  |TAMS 0x00000000c4f00000, 0x00000000c4e00000| Complete 
|  39|0x00000000c4f00000, 0x00000000c5000000, 0x00000000c5000000|100%|HC|  |TAMS 0x00000000c5000000, 0x00000000c4f00000| Complete 
|  40|0x00000000c5000000, 0x00000000c5100000, 0x00000000c5100000|100%|HS|  |TAMS 0x00000000c5100000, 0x00000000c5000000| Complete 
|  41|0x00000000c5100000, 0x00000000c5200000, 0x00000000c5200000|100%|HS|  |TAMS 0x00000000c5200000, 0x00000000c5100000| Complete 
|  42|0x00000000c5200000, 0x00000000c5200000, 0x00000000c5300000|  0%| F|  |TAMS 0x00000000c5200000, 0x00000000c5200000| Untracked 
|  43|0x00000000c5300000, 0x00000000c5400000, 0x00000000c5400000|100%| O|  |TAMS 0x00000000c5400000, 0x00000000c5300000| Untracked 
|  44|0x00000000c5400000, 0x00000000c5500000, 0x00000000c5500000|100%| O|  |TAMS 0x00000000c5500000, 0x00000000c5400000| Untracked 
|  45|0x00000000c5500000, 0x00000000c5600000, 0x00000000c5600000|100%| O|  |TAMS 0x00000000c5600000, 0x00000000c5500000| Untracked 
|  46|0x00000000c5600000, 0x00000000c5700000, 0x00000000c5700000|100%| O|  |TAMS 0x00000000c5700000, 0x00000000c5600000| Untracked 
|  47|0x00000000c5700000, 0x00000000c5800000, 0x00000000c5800000|100%| O|  |TAMS 0x00000000c5800000, 0x00000000c5700000| Untracked 
|  48|0x00000000c5800000, 0x00000000c5900000, 0x00000000c5900000|100%| O|  |TAMS 0x00000000c5900000, 0x00000000c5800000| Untracked 
|  49|0x00000000c5900000, 0x00000000c5a00000, 0x00000000c5a00000|100%| O|  |TAMS 0x00000000c5a00000, 0x00000000c5900000| Untracked 
|  50|0x00000000c5a00000, 0x00000000c5b00000, 0x00000000c5b00000|100%| O|  |TAMS 0x00000000c5b00000, 0x00000000c5a00000| Untracked 
|  51|0x00000000c5b00000, 0x00000000c5b00000, 0x00000000c5c00000|  0%| F|  |TAMS 0x00000000c5b00000, 0x00000000c5b00000| Untracked 
|  52|0x00000000c5c00000, 0x00000000c5c00000, 0x00000000c5d00000|  0%| F|  |TAMS 0x00000000c5c00000, 0x00000000c5c00000| Untracked 
|  53|0x00000000c5d00000, 0x00000000c5d00000, 0x00000000c5e00000|  0%| F|  |TAMS 0x00000000c5d00000, 0x00000000c5d00000| Untracked 
|  54|0x00000000c5e00000, 0x00000000c5f00000, 0x00000000c5f00000|100%| O|  |TAMS 0x00000000c5f00000, 0x00000000c5e00000| Untracked 
|  55|0x00000000c5f00000, 0x00000000c6000000, 0x00000000c6000000|100%| O|  |TAMS 0x00000000c6000000, 0x00000000c5f00000| Untracked 
|  56|0x00000000c6000000, 0x00000000c6100000, 0x00000000c6100000|100%| O|  |TAMS 0x00000000c6100000, 0x00000000c6000000| Untracked 
|  57|0x00000000c6100000, 0x00000000c6100000, 0x00000000c6200000|  0%| F|  |TAMS 0x00000000c6100000, 0x00000000c6100000| Untracked 
|  58|0x00000000c6200000, 0x00000000c6200000, 0x00000000c6300000|  0%| F|  |TAMS 0x00000000c6200000, 0x00000000c6200000| Untracked 
|  59|0x00000000c6300000, 0x00000000c6300000, 0x00000000c6400000|  0%| F|  |TAMS 0x00000000c6300000, 0x00000000c6300000| Untracked 
|  60|0x00000000c6400000, 0x00000000c6400000, 0x00000000c6500000|  0%| F|  |TAMS 0x00000000c6400000, 0x00000000c6400000| Untracked 
|  61|0x00000000c6500000, 0x00000000c6500000, 0x00000000c6600000|  0%| F|  |TAMS 0x00000000c6500000, 0x00000000c6500000| Untracked 
|  62|0x00000000c6600000, 0x00000000c6600000, 0x00000000c6700000|  0%| F|  |TAMS 0x00000000c6600000, 0x00000000c6600000| Untracked 
|  63|0x00000000c6700000, 0x00000000c6700000, 0x00000000c6800000|  0%| F|  |TAMS 0x00000000c6700000, 0x00000000c6700000| Untracked 
|  64|0x00000000c6800000, 0x00000000c68400b0, 0x00000000c6900000| 25%| S|CS|TAMS 0x00000000c6800000, 0x00000000c6800000| Complete 
|  65|0x00000000c6900000, 0x00000000c6900000, 0x00000000c6a00000|  0%| F|  |TAMS 0x00000000c6900000, 0x00000000c6900000| Untracked 
|  66|0x00000000c6a00000, 0x00000000c6a00000, 0x00000000c6b00000|  0%| F|  |TAMS 0x00000000c6a00000, 0x00000000c6a00000| Untracked 
|  67|0x00000000c6b00000, 0x00000000c6b00000, 0x00000000c6c00000|  0%| F|  |TAMS 0x00000000c6b00000, 0x00000000c6b00000| Untracked 
|  68|0x00000000c6c00000, 0x00000000c6c00000, 0x00000000c6d00000|  0%| F|  |TAMS 0x00000000c6c00000, 0x00000000c6c00000| Untracked 
|  69|0x00000000c6d00000, 0x00000000c6d00000, 0x00000000c6e00000|  0%| F|  |TAMS 0x00000000c6d00000, 0x00000000c6d00000| Untracked 
|  70|0x00000000c6e00000, 0x00000000c6e00000, 0x00000000c6f00000|  0%| F|  |TAMS 0x00000000c6e00000, 0x00000000c6e00000| Untracked 
|  71|0x00000000c6f00000, 0x00000000c6f00000, 0x00000000c7000000|  0%| F|  |TAMS 0x00000000c6f00000, 0x00000000c6f00000| Untracked 
|  72|0x00000000c7000000, 0x00000000c7000000, 0x00000000c7100000|  0%| F|  |TAMS 0x00000000c7000000, 0x00000000c7000000| Untracked 
|  73|0x00000000c7100000, 0x00000000c7100000, 0x00000000c7200000|  0%| F|  |TAMS 0x00000000c7100000, 0x00000000c7100000| Untracked 
|  74|0x00000000c7200000, 0x00000000c7200000, 0x00000000c7300000|  0%| F|  |TAMS 0x00000000c7200000, 0x00000000c7200000| Untracked 
|  75|0x00000000c7300000, 0x00000000c7300000, 0x00000000c7400000|  0%| F|  |TAMS 0x00000000c7300000, 0x00000000c7300000| Untracked 
|  76|0x00000000c7400000, 0x00000000c7400000, 0x00000000c7500000|  0%| F|  |TAMS 0x00000000c7400000, 0x00000000c7400000| Untracked 
|  77|0x00000000c7500000, 0x00000000c7500000, 0x00000000c7600000|  0%| F|  |TAMS 0x00000000c7500000, 0x00000000c7500000| Untracked 
|  78|0x00000000c7600000, 0x00000000c7600000, 0x00000000c7700000|  0%| F|  |TAMS 0x00000000c7600000, 0x00000000c7600000| Untracked 
|  79|0x00000000c7700000, 0x00000000c7700000, 0x00000000c7800000|  0%| F|  |TAMS 0x00000000c7700000, 0x00000000c7700000| Untracked 
|  80|0x00000000c7800000, 0x00000000c7800000, 0x00000000c7900000|  0%| F|  |TAMS 0x00000000c7800000, 0x00000000c7800000| Untracked 
|  81|0x00000000c7900000, 0x00000000c7900000, 0x00000000c7a00000|  0%| F|  |TAMS 0x00000000c7900000, 0x00000000c7900000| Untracked 
|  82|0x00000000c7a00000, 0x00000000c7a00000, 0x00000000c7b00000|  0%| F|  |TAMS 0x00000000c7a00000, 0x00000000c7a00000| Untracked 
|  83|0x00000000c7b00000, 0x00000000c7b00000, 0x00000000c7c00000|  0%| F|  |TAMS 0x00000000c7b00000, 0x00000000c7b00000| Untracked 
|  84|0x00000000c7c00000, 0x00000000c7c00000, 0x00000000c7d00000|  0%| F|  |TAMS 0x00000000c7c00000, 0x00000000c7c00000| Untracked 
|  85|0x00000000c7d00000, 0x00000000c7d00000, 0x00000000c7e00000|  0%| F|  |TAMS 0x00000000c7d00000, 0x00000000c7d00000| Untracked 
|  86|0x00000000c7e00000, 0x00000000c7e00000, 0x00000000c7f00000|  0%| F|  |TAMS 0x00000000c7e00000, 0x00000000c7e00000| Untracked 
|  87|0x00000000c7f00000, 0x00000000c7f00000, 0x00000000c8000000|  0%| F|  |TAMS 0x00000000c7f00000, 0x00000000c7f00000| Untracked 
|  88|0x00000000c8000000, 0x00000000c8000000, 0x00000000c8100000|  0%| F|  |TAMS 0x00000000c8000000, 0x00000000c8000000| Untracked 
|  89|0x00000000c8100000, 0x00000000c8100000, 0x00000000c8200000|  0%| F|  |TAMS 0x00000000c8100000, 0x00000000c8100000| Untracked 
|  90|0x00000000c8200000, 0x00000000c8200000, 0x00000000c8300000|  0%| F|  |TAMS 0x00000000c8200000, 0x00000000c8200000| Untracked 
|  91|0x00000000c8300000, 0x00000000c8300000, 0x00000000c8400000|  0%| F|  |TAMS 0x00000000c8300000, 0x00000000c8300000| Untracked 
|  92|0x00000000c8400000, 0x00000000c8400000, 0x00000000c8500000|  0%| F|  |TAMS 0x00000000c8400000, 0x00000000c8400000| Untracked 
|  93|0x00000000c8500000, 0x00000000c8500000, 0x00000000c8600000|  0%| F|  |TAMS 0x00000000c8500000, 0x00000000c8500000| Untracked 
|  94|0x00000000c8600000, 0x00000000c8600000, 0x00000000c8700000|  0%| F|  |TAMS 0x00000000c8600000, 0x00000000c8600000| Untracked 
|  95|0x00000000c8700000, 0x00000000c8700000, 0x00000000c8800000|  0%| F|  |TAMS 0x00000000c8700000, 0x00000000c8700000| Untracked 
|  96|0x00000000c8800000, 0x00000000c8800000, 0x00000000c8900000|  0%| F|  |TAMS 0x00000000c8800000, 0x00000000c8800000| Untracked 
|  97|0x00000000c8900000, 0x00000000c8900000, 0x00000000c8a00000|  0%| F|  |TAMS 0x00000000c8900000, 0x00000000c8900000| Untracked 
|  98|0x00000000c8a00000, 0x00000000c8a00000, 0x00000000c8b00000|  0%| F|  |TAMS 0x00000000c8a00000, 0x00000000c8a00000| Untracked 
|  99|0x00000000c8b00000, 0x00000000c8b00000, 0x00000000c8c00000|  0%| F|  |TAMS 0x00000000c8b00000, 0x00000000c8b00000| Untracked 
| 100|0x00000000c8c00000, 0x00000000c8c00000, 0x00000000c8d00000|  0%| F|  |TAMS 0x00000000c8c00000, 0x00000000c8c00000| Untracked 
| 101|0x00000000c8d00000, 0x00000000c8d00000, 0x00000000c8e00000|  0%| F|  |TAMS 0x00000000c8d00000, 0x00000000c8d00000| Untracked 
| 102|0x00000000c8e00000, 0x00000000c8e00000, 0x00000000c8f00000|  0%| F|  |TAMS 0x00000000c8e00000, 0x00000000c8e00000| Untracked 
| 103|0x00000000c8f00000, 0x00000000c8f00000, 0x00000000c9000000|  0%| F|  |TAMS 0x00000000c8f00000, 0x00000000c8f00000| Untracked 
| 104|0x00000000c9000000, 0x00000000c9000000, 0x00000000c9100000|  0%| F|  |TAMS 0x00000000c9000000, 0x00000000c9000000| Untracked 
| 105|0x00000000c9100000, 0x00000000c9100000, 0x00000000c9200000|  0%| F|  |TAMS 0x00000000c9100000, 0x00000000c9100000| Untracked 
| 106|0x00000000c9200000, 0x00000000c9200000, 0x00000000c9300000|  0%| F|  |TAMS 0x00000000c9200000, 0x00000000c9200000| Untracked 
| 107|0x00000000c9300000, 0x00000000c9300000, 0x00000000c9400000|  0%| F|  |TAMS 0x00000000c9300000, 0x00000000c9300000| Untracked 
| 108|0x00000000c9400000, 0x00000000c9400000, 0x00000000c9500000|  0%| F|  |TAMS 0x00000000c9400000, 0x00000000c9400000| Untracked 
| 109|0x00000000c9500000, 0x00000000c9500000, 0x00000000c9600000|  0%| F|  |TAMS 0x00000000c9500000, 0x00000000c9500000| Untracked 
| 110|0x00000000c9600000, 0x00000000c9600000, 0x00000000c9700000|  0%| F|  |TAMS 0x00000000c9600000, 0x00000000c9600000| Untracked 
| 111|0x00000000c9700000, 0x00000000c9700000, 0x00000000c9800000|  0%| F|  |TAMS 0x00000000c9700000, 0x00000000c9700000| Untracked 
| 112|0x00000000c9800000, 0x00000000c9800000, 0x00000000c9900000|  0%| F|  |TAMS 0x00000000c9800000, 0x00000000c9800000| Untracked 
| 113|0x00000000c9900000, 0x00000000c9900000, 0x00000000c9a00000|  0%| F|  |TAMS 0x00000000c9900000, 0x00000000c9900000| Untracked 
| 114|0x00000000c9a00000, 0x00000000c9a00000, 0x00000000c9b00000|  0%| F|  |TAMS 0x00000000c9a00000, 0x00000000c9a00000| Untracked 
| 115|0x00000000c9b00000, 0x00000000c9b00000, 0x00000000c9c00000|  0%| F|  |TAMS 0x00000000c9b00000, 0x00000000c9b00000| Untracked 
| 116|0x00000000c9c00000, 0x00000000c9c00000, 0x00000000c9d00000|  0%| F|  |TAMS 0x00000000c9c00000, 0x00000000c9c00000| Untracked 
| 117|0x00000000c9d00000, 0x00000000c9d00000, 0x00000000c9e00000|  0%| F|  |TAMS 0x00000000c9d00000, 0x00000000c9d00000| Untracked 
| 118|0x00000000c9e00000, 0x00000000c9e00000, 0x00000000c9f00000|  0%| F|  |TAMS 0x00000000c9e00000, 0x00000000c9e00000| Untracked 
| 119|0x00000000c9f00000, 0x00000000c9f00000, 0x00000000ca000000|  0%| F|  |TAMS 0x00000000c9f00000, 0x00000000c9f00000| Untracked 
| 120|0x00000000ca000000, 0x00000000ca000000, 0x00000000ca100000|  0%| F|  |TAMS 0x00000000ca000000, 0x00000000ca000000| Untracked 
| 121|0x00000000ca100000, 0x00000000ca100000, 0x00000000ca200000|  0%| F|  |TAMS 0x00000000ca100000, 0x00000000ca100000| Untracked 
| 122|0x00000000ca200000, 0x00000000ca200000, 0x00000000ca300000|  0%| F|  |TAMS 0x00000000ca200000, 0x00000000ca200000| Untracked 
| 123|0x00000000ca300000, 0x00000000ca300000, 0x00000000ca400000|  0%| F|  |TAMS 0x00000000ca300000, 0x00000000ca300000| Untracked 
| 124|0x00000000ca400000, 0x00000000ca400000, 0x00000000ca500000|  0%| F|  |TAMS 0x00000000ca400000, 0x00000000ca400000| Untracked 
| 125|0x00000000ca500000, 0x00000000ca500000, 0x00000000ca600000|  0%| F|  |TAMS 0x00000000ca500000, 0x00000000ca500000| Untracked 
| 126|0x00000000ca600000, 0x00000000ca600000, 0x00000000ca700000|  0%| F|  |TAMS 0x00000000ca600000, 0x00000000ca600000| Untracked 
| 127|0x00000000ca700000, 0x00000000ca700000, 0x00000000ca800000|  0%| F|  |TAMS 0x00000000ca700000, 0x00000000ca700000| Untracked 
| 128|0x00000000ca800000, 0x00000000ca881010, 0x00000000ca900000| 50%| E|  |TAMS 0x00000000ca800000, 0x00000000ca800000| Complete 
| 129|0x00000000ca900000, 0x00000000caa00000, 0x00000000caa00000|100%| E|CS|TAMS 0x00000000ca900000, 0x00000000ca900000| Complete 
| 130|0x00000000caa00000, 0x00000000cab00000, 0x00000000cab00000|100%| E|CS|TAMS 0x00000000caa00000, 0x00000000caa00000| Complete 
| 131|0x00000000cab00000, 0x00000000cac00000, 0x00000000cac00000|100%| E|CS|TAMS 0x00000000cab00000, 0x00000000cab00000| Complete 
| 132|0x00000000cac00000, 0x00000000cad00000, 0x00000000cad00000|100%| E|CS|TAMS 0x00000000cac00000, 0x00000000cac00000| Complete 
| 133|0x00000000cad00000, 0x00000000cae00000, 0x00000000cae00000|100%| E|CS|TAMS 0x00000000cad00000, 0x00000000cad00000| Complete 
| 134|0x00000000cae00000, 0x00000000caf00000, 0x00000000caf00000|100%| E|CS|TAMS 0x00000000cae00000, 0x00000000cae00000| Complete 
| 135|0x00000000caf00000, 0x00000000cb000000, 0x00000000cb000000|100%| E|CS|TAMS 0x00000000caf00000, 0x00000000caf00000| Complete 
| 136|0x00000000cb000000, 0x00000000cb100000, 0x00000000cb100000|100%| E|CS|TAMS 0x00000000cb000000, 0x00000000cb000000| Complete 
| 137|0x00000000cb100000, 0x00000000cb200000, 0x00000000cb200000|100%| E|CS|TAMS 0x00000000cb100000, 0x00000000cb100000| Complete 
| 138|0x00000000cb200000, 0x00000000cb300000, 0x00000000cb300000|100%| E|CS|TAMS 0x00000000cb200000, 0x00000000cb200000| Complete 
| 139|0x00000000cb300000, 0x00000000cb400000, 0x00000000cb400000|100%| E|CS|TAMS 0x00000000cb300000, 0x00000000cb300000| Complete 
| 140|0x00000000cb400000, 0x00000000cb500000, 0x00000000cb500000|100%| E|CS|TAMS 0x00000000cb400000, 0x00000000cb400000| Complete 
| 141|0x00000000cb500000, 0x00000000cb600000, 0x00000000cb600000|100%| E|CS|TAMS 0x00000000cb500000, 0x00000000cb500000| Complete 
| 142|0x00000000cb600000, 0x00000000cb700000, 0x00000000cb700000|100%| E|CS|TAMS 0x00000000cb600000, 0x00000000cb600000| Complete 
| 143|0x00000000cb700000, 0x00000000cb800000, 0x00000000cb800000|100%| E|CS|TAMS 0x00000000cb700000, 0x00000000cb700000| Complete 
| 144|0x00000000cb800000, 0x00000000cb900000, 0x00000000cb900000|100%| E|CS|TAMS 0x00000000cb800000, 0x00000000cb800000| Complete 
| 145|0x00000000cb900000, 0x00000000cba00000, 0x00000000cba00000|100%| E|CS|TAMS 0x00000000cb900000, 0x00000000cb900000| Complete 
| 146|0x00000000cba00000, 0x00000000cbb00000, 0x00000000cbb00000|100%| E|CS|TAMS 0x00000000cba00000, 0x00000000cba00000| Complete 
| 147|0x00000000cbb00000, 0x00000000cbc00000, 0x00000000cbc00000|100%| E|CS|TAMS 0x00000000cbb00000, 0x00000000cbb00000| Complete 
| 148|0x00000000cbc00000, 0x00000000cbd00000, 0x00000000cbd00000|100%| E|CS|TAMS 0x00000000cbc00000, 0x00000000cbc00000| Complete 
| 149|0x00000000cbd00000, 0x00000000cbe00000, 0x00000000cbe00000|100%| E|CS|TAMS 0x00000000cbd00000, 0x00000000cbd00000| Complete 
| 150|0x00000000cbe00000, 0x00000000cbf00000, 0x00000000cbf00000|100%| E|CS|TAMS 0x00000000cbe00000, 0x00000000cbe00000| Complete 
| 151|0x00000000cbf00000, 0x00000000cc000000, 0x00000000cc000000|100%| E|CS|TAMS 0x00000000cbf00000, 0x00000000cbf00000| Complete 
| 152|0x00000000cc000000, 0x00000000cc100000, 0x00000000cc100000|100%| E|CS|TAMS 0x00000000cc000000, 0x00000000cc000000| Complete 
| 180|0x00000000cdc00000, 0x00000000cdd00000, 0x00000000cdd00000|100%| E|CS|TAMS 0x00000000cdc00000, 0x00000000cdc00000| Complete 

Card table byte_map: [0x0000019748200000,0x00000197483f0000] _byte_map_base: 0x0000019747bec000

Marking Bits (Prev, Next): (CMBitMap*) 0x000001972f8bccd0, (CMBitMap*) 0x000001972f8bcc90
 Prev Bits: [0x0000019749540000, 0x000001974a4a0000)
 Next Bits: [0x00000197485e0000, 0x0000019749540000)

Polling page: 0x000001972f950000

Metaspace:

Usage:
  Non-class:     27.16 MB used.
      Class:      3.47 MB used.
       Both:     30.63 MB used.

Virtual space:
  Non-class space:       64.00 MB reserved,      27.38 MB ( 43%) committed,  1 nodes.
      Class space:        1.00 GB reserved,       3.69 MB ( <1%) committed,  1 nodes.
             Both:        1.06 GB reserved,      31.06 MB (  3%) committed. 

Chunk freelists:
   Non-Class:  4.23 MB
       Class:  12.34 MB
        Both:  16.57 MB

MaxMetaspaceSize: unlimited
CompressedClassSpaceSize: 1.00 GB
Initial GC threshold: 21.00 MB
Current GC threshold: 50.12 MB
CDS: on
MetaspaceReclaimPolicy: balanced
 - commit_granule_bytes: 65536.
 - commit_granule_words: 8192.
 - virtual_space_node_default_size: 8388608.
 - enlarge_chunks_in_place: 1.
 - new_chunks_are_fully_committed: 0.
 - uncommit_free_chunks: 1.
 - use_allocation_guard: 0.
 - handle_deallocations: 1.


Internal statistics:

num_allocs_failed_limit: 6.
num_arena_births: 236.
num_arena_deaths: 6.
num_vsnodes_births: 2.
num_vsnodes_deaths: 0.
num_space_committed: 515.
num_space_uncommitted: 18.
num_chunks_returned_to_freelist: 74.
num_chunks_taken_from_freelist: 1470.
num_chunk_merges: 27.
num_chunk_splits: 1017.
num_chunks_enlarged: 782.
num_inconsistent_stats: 0.

CodeHeap 'non-profiled nmethods': size=120000Kb used=4068Kb max_used=4068Kb free=115931Kb
 bounds [0x00000197405a0000, 0x00000197409a0000, 0x0000019747ad0000]
CodeHeap 'profiled nmethods': size=120000Kb used=15336Kb max_used=15336Kb free=104663Kb
 bounds [0x0000019738ad0000, 0x00000197399d0000, 0x0000019740000000]
CodeHeap 'non-nmethods': size=5760Kb used=1229Kb max_used=1295Kb free=4530Kb
 bounds [0x0000019740000000, 0x0000019740270000, 0x00000197405a0000]
 total_blobs=7442 nmethods=6903 adapters=451
 compilation: enabled
              stopped_count=0, restarted_count=0
 full_count=0

Compilation events (20 events):
Event: 46.425 Thread 0x000001974ca238f0 nmethod 7754 0x00000197399c1c10 code [0x00000197399c1fc0, 0x00000197399c3308]
Event: 46.454 Thread 0x000001974ca238f0 7755       3       org.apache.maven.model.profile.activation.JdkVersionProfileActivator::getRelationOrder (169 bytes)
Event: 46.457 Thread 0x000001974ca238f0 nmethod 7755 0x00000197399c3a10 code [0x00000197399c3ea0, 0x00000197399c64d8]
Event: 46.477 Thread 0x000001974ca12690 7756       4       java.util.ArrayList::indexOfRange (71 bytes)
Event: 46.479 Thread 0x000001974ca12690 nmethod 7756 0x0000019740998910 code [0x0000019740998aa0, 0x0000019740998bf8]
Event: 46.508 Thread 0x000001974ca238f0 7757       3       org.eclipse.aether.util.version.GenericVersionScheme::<init> (5 bytes)
Event: 46.508 Thread 0x000001974ca238f0 nmethod 7757 0x00000197399c7210 code [0x00000197399c73a0, 0x00000197399c74f8]
Event: 46.508 Thread 0x000001974ca238f0 7758       3       org.eclipse.aether.util.version.GenericVersionScheme::parseVersionConstraint (6 bytes)
Event: 46.508 Thread 0x000001974ca238f0 nmethod 7758 0x00000197399c7590 code [0x00000197399c7720, 0x00000197399c7868]
Event: 46.508 Thread 0x000001974ca238f0 7759       3       org.eclipse.aether.util.version.GenericVersionScheme::parseVersionConstraint (262 bytes)
Event: 46.512 Thread 0x000001974ca238f0 nmethod 7759 0x00000197399c7910 code [0x00000197399c7f40, 0x00000197399cb298]
Event: 46.530 Thread 0x000001974ca238f0 7760       3       java.util.stream.Collectors::collectingAndThen (95 bytes)
Event: 46.531 Thread 0x000001974ca238f0 nmethod 7760 0x00000197399cc490 code [0x00000197399cc700, 0x00000197399cd4d8]
Event: 46.531 Thread 0x000001974ca238f0 7761       1       org.apache.maven.model.building.ModelCacheTag$1::getType (3 bytes)
Event: 46.531 Thread 0x000001974ca238f0 nmethod 7761 0x0000019740998d10 code [0x0000019740998ea0, 0x0000019740998f78]
Event: 46.537 Thread 0x000001974ca238f0 7762       3       org.apache.maven.model.building.DefaultModelBuilder$$Lambda$137/0x000001974e1af910::accept (12 bytes)
Event: 46.538 Thread 0x000001974ca238f0 nmethod 7762 0x00000197399cd910 code [0x00000197399cdac0, 0x00000197399cdd58]
Event: 46.552 Thread 0x000001974ca12690 7763       4       org.apache.maven.model.inheritance.DefaultInheritanceAssembler$InheritanceModelMerger::mergePluginContainer_Plugins (433 bytes)
Event: 46.553 Thread 0x000001974ca238f0 7764       1       org.apache.maven.model.Site::getUrl (5 bytes)
Event: 46.553 Thread 0x000001974ca238f0 nmethod 7764 0x0000019740999010 code [0x00000197409991a0, 0x0000019740999278]

GC Heap History (20 events):
Event: 26.398 GC heap before
{Heap before GC invocations=15 (full 0):
 garbage-first heap   total 78848K, used 58238K [0x00000000c2800000, 0x0000000100000000)
  region size 1024K, 20 young (20480K), 1 survivors (1024K)
 Metaspace       used 28487K, committed 28736K, reserved 1114112K
  class space    used 3263K, committed 3392K, reserved 1048576K
}
Event: 26.402 GC heap after
{Heap after GC invocations=16 (full 0):
 garbage-first heap   total 78848K, used 38893K [0x00000000c2800000, 0x0000000100000000)
  region size 1024K, 1 young (1024K), 1 survivors (1024K)
 Metaspace       used 28487K, committed 28736K, reserved 1114112K
  class space    used 3263K, committed 3392K, reserved 1048576K
}
Event: 28.988 GC heap before
{Heap before GC invocations=17 (full 0):
 garbage-first heap   total 78848K, used 59373K [0x00000000c2800000, 0x0000000100000000)
  region size 1024K, 22 young (22528K), 1 survivors (1024K)
 Metaspace       used 30043K, committed 30400K, reserved 1114112K
  class space    used 3450K, committed 3584K, reserved 1048576K
}
Event: 28.998 GC heap after
{Heap after GC invocations=18 (full 0):
 garbage-first heap   total 78848K, used 40217K [0x00000000c2800000, 0x0000000100000000)
  region size 1024K, 3 young (3072K), 3 survivors (3072K)
 Metaspace       used 30043K, committed 30400K, reserved 1114112K
  class space    used 3450K, committed 3584K, reserved 1048576K
}
Event: 31.982 GC heap before
{Heap before GC invocations=18 (full 0):
 garbage-first heap   total 78848K, used 50457K [0x00000000c2800000, 0x0000000100000000)
  region size 1024K, 14 young (14336K), 3 survivors (3072K)
 Metaspace       used 30434K, committed 30784K, reserved 1114112K
  class space    used 3481K, committed 3648K, reserved 1048576K
}
Event: 31.993 GC heap after
{Heap after GC invocations=19 (full 0):
 garbage-first heap   total 78848K, used 40610K [0x00000000c2800000, 0x0000000100000000)
  region size 1024K, 2 young (2048K), 2 survivors (2048K)
 Metaspace       used 30434K, committed 30784K, reserved 1114112K
  class space    used 3481K, committed 3648K, reserved 1048576K
}
Event: 32.704 GC heap before
{Heap before GC invocations=20 (full 0):
 garbage-first heap   total 78848K, used 66210K [0x00000000c2800000, 0x0000000100000000)
  region size 1024K, 23 young (23552K), 2 survivors (2048K)
 Metaspace       used 30483K, committed 30784K, reserved 1114112K
  class space    used 3482K, committed 3648K, reserved 1048576K
}
Event: 32.724 GC heap after
{Heap after GC invocations=21 (full 0):
 garbage-first heap   total 78848K, used 54125K [0x00000000c2800000, 0x0000000100000000)
  region size 1024K, 3 young (3072K), 3 survivors (3072K)
 Metaspace       used 30483K, committed 30784K, reserved 1114112K
  class space    used 3482K, committed 3648K, reserved 1048576K
}
Event: 32.742 GC heap before
{Heap before GC invocations=21 (full 0):
 garbage-first heap   total 78848K, used 55149K [0x00000000c2800000, 0x0000000100000000)
  region size 1024K, 4 young (4096K), 3 survivors (3072K)
 Metaspace       used 30483K, committed 30784K, reserved 1114112K
  class space    used 3482K, committed 3648K, reserved 1048576K
}
Event: 32.753 GC heap after
{Heap after GC invocations=22 (full 0):
 garbage-first heap   total 78848K, used 48637K [0x00000000c2800000, 0x0000000100000000)
  region size 1024K, 1 young (1024K), 1 survivors (1024K)
 Metaspace       used 30483K, committed 30784K, reserved 1114112K
  class space    used 3482K, committed 3648K, reserved 1048576K
}
Event: 32.906 GC heap before
{Heap before GC invocations=22 (full 0):
 garbage-first heap   total 78848K, used 49661K [0x00000000c2800000, 0x0000000100000000)
  region size 1024K, 3 young (3072K), 1 survivors (1024K)
 Metaspace       used 30485K, committed 30784K, reserved 1114112K
  class space    used 3482K, committed 3648K, reserved 1048576K
}
Event: 32.918 GC heap after
{Heap after GC invocations=23 (full 0):
 garbage-first heap   total 78848K, used 47608K [0x00000000c2800000, 0x0000000100000000)
  region size 1024K, 1 young (1024K), 1 survivors (1024K)
 Metaspace       used 30485K, committed 30784K, reserved 1114112K
  class space    used 3482K, committed 3648K, reserved 1048576K
}
Event: 33.740 GC heap before
{Heap before GC invocations=23 (full 0):
 garbage-first heap   total 78848K, used 60920K [0x00000000c2800000, 0x0000000100000000)
  region size 1024K, 14 young (14336K), 1 survivors (1024K)
 Metaspace       used 30509K, committed 30784K, reserved 1114112K
  class space    used 3482K, committed 3648K, reserved 1048576K
}
Event: 33.750 GC heap after
{Heap after GC invocations=24 (full 0):
 garbage-first heap   total 78848K, used 52673K [0x00000000c2800000, 0x0000000100000000)
  region size 1024K, 2 young (2048K), 2 survivors (2048K)
 Metaspace       used 30509K, committed 30784K, reserved 1114112K
  class space    used 3482K, committed 3648K, reserved 1048576K
}
Event: 36.008 GC heap before
{Heap before GC invocations=25 (full 0):
 garbage-first heap   total 86016K, used 57793K [0x00000000c2800000, 0x0000000100000000)
  region size 1024K, 11 young (11264K), 2 survivors (2048K)
 Metaspace       used 29499K, committed 29888K, reserved 1114112K
  class space    used 3344K, committed 3520K, reserved 1048576K
}
Event: 36.022 GC heap after
{Heap after GC invocations=26 (full 0):
 garbage-first heap   total 86016K, used 51133K [0x00000000c2800000, 0x0000000100000000)
  region size 1024K, 1 young (1024K), 1 survivors (1024K)
 Metaspace       used 29499K, committed 29888K, reserved 1114112K
  class space    used 3344K, committed 3520K, reserved 1048576K
}
Event: 36.105 GC heap before
{Heap before GC invocations=26 (full 0):
 garbage-first heap   total 86016K, used 53181K [0x00000000c2800000, 0x0000000100000000)
  region size 1024K, 4 young (4096K), 1 survivors (1024K)
 Metaspace       used 29542K, committed 29888K, reserved 1114112K
  class space    used 3365K, committed 3520K, reserved 1048576K
}
Event: 36.119 GC heap after
{Heap after GC invocations=27 (full 0):
 garbage-first heap   total 86016K, used 44447K [0x00000000c2800000, 0x0000000100000000)
  region size 1024K, 1 young (1024K), 1 survivors (1024K)
 Metaspace       used 29542K, committed 29888K, reserved 1114112K
  class space    used 3365K, committed 3520K, reserved 1048576K
}
Event: 37.617 GC heap before
{Heap before GC invocations=27 (full 0):
 garbage-first heap   total 86016K, used 61855K [0x00000000c2800000, 0x0000000100000000)
  region size 1024K, 19 young (19456K), 1 survivors (1024K)
 Metaspace       used 30372K, committed 30656K, reserved 1114112K
  class space    used 3474K, committed 3584K, reserved 1048576K
}
Event: 37.620 GC heap after
{Heap after GC invocations=28 (full 0):
 garbage-first heap   total 185344K, used 44505K [0x00000000c2800000, 0x0000000100000000)
  region size 1024K, 1 young (1024K), 1 survivors (1024K)
 Metaspace       used 30372K, committed 30656K, reserved 1114112K
  class space    used 3474K, committed 3584K, reserved 1048576K
}

Deoptimization events (20 events):
Event: 45.209 Thread 0x000001972f886130 Uncommon trap: trap_request=0xffffffde fr.pc=0x00000197406809d0 relative=0x00000000000004f0
Event: 45.209 Thread 0x000001972f886130 Uncommon trap: reason=class_check action=maybe_recompile pc=0x00000197406809d0 method=com.google.inject.internal.MoreTypes.getRawType(Ljava/lang/reflect/Type;)Ljava/lang/Class; @ 13 c2
Event: 45.209 Thread 0x000001972f886130 DEOPT PACKING pc=0x00000197406809d0 sp=0x000000893e2fd8a0
Event: 45.209 Thread 0x000001972f886130 DEOPT UNPACKING pc=0x00000197400523a3 sp=0x000000893e2fd7e8 mode 2
Event: 45.214 Thread 0x000001972f886130 Uncommon trap: trap_request=0xffffffde fr.pc=0x00000197406809d0 relative=0x00000000000004f0
Event: 45.214 Thread 0x000001972f886130 Uncommon trap: reason=class_check action=maybe_recompile pc=0x00000197406809d0 method=com.google.inject.internal.MoreTypes.getRawType(Ljava/lang/reflect/Type;)Ljava/lang/Class; @ 13 c2
Event: 45.214 Thread 0x000001972f886130 DEOPT PACKING pc=0x00000197406809d0 sp=0x000000893e2fd8a0
Event: 45.214 Thread 0x000001972f886130 DEOPT UNPACKING pc=0x00000197400523a3 sp=0x000000893e2fd7e8 mode 2
Event: 45.223 Thread 0x000001972f886130 Uncommon trap: trap_request=0xffffffde fr.pc=0x00000197406809d0 relative=0x00000000000004f0
Event: 45.223 Thread 0x000001972f886130 Uncommon trap: reason=class_check action=maybe_recompile pc=0x00000197406809d0 method=com.google.inject.internal.MoreTypes.getRawType(Ljava/lang/reflect/Type;)Ljava/lang/Class; @ 13 c2
Event: 45.223 Thread 0x000001972f886130 DEOPT PACKING pc=0x00000197406809d0 sp=0x000000893e2fd8a0
Event: 45.223 Thread 0x000001972f886130 DEOPT UNPACKING pc=0x00000197400523a3 sp=0x000000893e2fd7e8 mode 2
Event: 45.223 Thread 0x000001972f886130 Uncommon trap: trap_request=0xffffffde fr.pc=0x000001974067faa4 relative=0x0000000000000084
Event: 45.223 Thread 0x000001972f886130 Uncommon trap: reason=class_check action=maybe_recompile pc=0x000001974067faa4 method=com.google.inject.internal.MoreTypes.getRawType(Ljava/lang/reflect/Type;)Ljava/lang/Class; @ 13 c2
Event: 45.223 Thread 0x000001972f886130 DEOPT PACKING pc=0x000001974067faa4 sp=0x000000893e2fd840
Event: 45.223 Thread 0x000001972f886130 DEOPT UNPACKING pc=0x00000197400523a3 sp=0x000000893e2fd7d0 mode 2
Event: 45.340 Thread 0x000001974ce13910 Uncommon trap: trap_request=0xffffff45 fr.pc=0x00000197407d2a10 relative=0x0000000000000250
Event: 45.340 Thread 0x000001974ce13910 Uncommon trap: reason=unstable_if action=reinterpret pc=0x00000197407d2a10 method=java.lang.ThreadLocal.get()Ljava/lang/Object; @ 11 c2
Event: 45.340 Thread 0x000001974ce13910 DEOPT PACKING pc=0x00000197407d2a10 sp=0x000000893fafe410
Event: 45.340 Thread 0x000001974ce13910 DEOPT UNPACKING pc=0x00000197400523a3 sp=0x000000893fafe3b0 mode 2

Classes unloaded (20 events):
Event: 33.829 Thread 0x000001972f940d60 Unloading class 0x000001974e32e7c8 'lombok/javac/apt/MessagerDiagnosticsReceiver'
Event: 33.829 Thread 0x000001972f940d60 Unloading class 0x000001974e32e420 'lombok/javac/apt/InterceptingJavaFileManager'
Event: 33.829 Thread 0x000001972f940d60 Unloading class 0x000001974e32e218 'lombok/permit/dummy/Parent'
Event: 33.829 Thread 0x000001972f940d60 Unloading class 0x000001974e32e000 'lombok/core/CleanupRegistry'
Event: 33.829 Thread 0x000001972f940d60 Unloading class 0x000001974e32dde0 'lombok/permit/Permit$Fake'
Event: 33.829 Thread 0x000001972f940d60 Unloading class 0x000001974e32dbe0 'lombok/permit/Permit'
Event: 33.829 Thread 0x000001972f940d60 Unloading class 0x000001974e32d8f8 'lombok/javac/apt/LombokProcessor$1'
Event: 33.829 Thread 0x000001972f940d60 Unloading class 0x000001974e32d700 'lombok/core/DiagnosticsReceiver'
Event: 33.829 Thread 0x000001972f940d60 Unloading class 0x000001974e32d468 'lombok/javac/apt/LombokProcessor'
Event: 33.829 Thread 0x000001972f940d60 Unloading class 0x000001974e32d238 'lombok/core/AnnotationProcessor$EcjDescriptor'
Event: 33.829 Thread 0x000001972f940d60 Unloading class 0x000001974e32d000 'lombok/core/AnnotationProcessor$JavacDescriptor'
Event: 33.829 Thread 0x000001972f940d60 Unloading class 0x000001974e32ca80 'lombok/core/AnnotationProcessor$ProcessorDescriptor'
Event: 33.829 Thread 0x000001972f940d60 Unloading class 0x000001974e32c800 'lombok/core/AnnotationProcessor'
Event: 33.829 Thread 0x000001972f940d60 Unloading class 0x000001974e351000 'lombok/launch/AnnotationProcessorHider$ClaimingProcessor'
Event: 33.829 Thread 0x000001972f940d60 Unloading class 0x000001974e32c498 'lombok/launch/AnnotationProcessorHider$AstModificationNotifierData'
Event: 33.829 Thread 0x000001972f940d60 Unloading class 0x000001974e32c218 'lombok/launch/ClassFileMetaData'
Event: 33.829 Thread 0x000001972f940d60 Unloading class 0x000001974e32c000 'lombok/launch/PackageShader'
Event: 33.829 Thread 0x000001972f940d60 Unloading class 0x000001974e304480 'lombok/launch/ShadowClassLoader'
Event: 33.829 Thread 0x000001972f940d60 Unloading class 0x000001974e304280 'lombok/launch/Main'
Event: 33.829 Thread 0x000001972f940d60 Unloading class 0x000001974e304000 'lombok/launch/AnnotationProcessorHider$AnnotationProcessor'

Classes redefined (0 events):
No events

Internal exceptions (20 events):
Event: 37.741 Thread 0x000001972f886130 Exception <a 'sun/nio/fs/WindowsException'{0x00000000cdcb1aa0}> (0x00000000cdcb1aa0) 
thrown [s\open\src\hotspot\share\prims\jni.cpp, line 516]
Event: 37.741 Thread 0x000001972f886130 Exception <a 'sun/nio/fs/WindowsException'{0x00000000cdcb2a28}> (0x00000000cdcb2a28) 
thrown [s\open\src\hotspot\share\prims\jni.cpp, line 516]
Event: 37.741 Thread 0x000001972f886130 Exception <a 'sun/nio/fs/WindowsException'{0x00000000cdcb2e18}> (0x00000000cdcb2e18) 
thrown [s\open\src\hotspot\share\prims\jni.cpp, line 516]
Event: 37.742 Thread 0x000001972f886130 Exception <a 'sun/nio/fs/WindowsException'{0x00000000cdcb3e68}> (0x00000000cdcb3e68) 
thrown [s\open\src\hotspot\share\prims\jni.cpp, line 516]
Event: 37.742 Thread 0x000001972f886130 Exception <a 'sun/nio/fs/WindowsException'{0x00000000cdcb41c0}> (0x00000000cdcb41c0) 
thrown [s\open\src\hotspot\share\prims\jni.cpp, line 516]
Event: 37.786 Thread 0x000001972f886130 Exception <a 'sun/nio/fs/WindowsException'{0x00000000cc093f30}> (0x00000000cc093f30) 
thrown [s\open\src\hotspot\share\prims\jni.cpp, line 516]
Event: 37.791 Thread 0x000001972f886130 Exception <a 'sun/nio/fs/WindowsException'{0x00000000cc0ab5a8}> (0x00000000cc0ab5a8) 
thrown [s\open\src\hotspot\share\prims\jni.cpp, line 516]
Event: 37.811 Thread 0x000001972f886130 Exception <a 'sun/nio/fs/WindowsException'{0x00000000cc0c32f8}> (0x00000000cc0c32f8) 
thrown [s\open\src\hotspot\share\prims\jni.cpp, line 516]
Event: 37.811 Thread 0x000001972f886130 Exception <a 'sun/nio/fs/WindowsException'{0x00000000cc0c3a60}> (0x00000000cc0c3a60) 
thrown [s\open\src\hotspot\share\prims\jni.cpp, line 516]
Event: 37.811 Thread 0x000001972f886130 Exception <a 'sun/nio/fs/WindowsException'{0x00000000cc0c4020}> (0x00000000cc0c4020) 
thrown [s\open\src\hotspot\share\prims\jni.cpp, line 516]
Event: 37.811 Thread 0x000001972f886130 Exception <a 'sun/nio/fs/WindowsException'{0x00000000cc0c4778}> (0x00000000cc0c4778) 
thrown [s\open\src\hotspot\share\prims\jni.cpp, line 516]
Event: 37.811 Thread 0x000001972f886130 Exception <a 'sun/nio/fs/WindowsException'{0x00000000cc0c4ad0}> (0x00000000cc0c4ad0) 
thrown [s\open\src\hotspot\share\prims\jni.cpp, line 516]
Event: 37.812 Thread 0x000001972f886130 Exception <a 'sun/nio/fs/WindowsException'{0x00000000cc0c5780}> (0x00000000cc0c5780) 
thrown [s\open\src\hotspot\share\prims\jni.cpp, line 516]
Event: 37.812 Thread 0x000001972f886130 Exception <a 'sun/nio/fs/WindowsException'{0x00000000cc0c5a80}> (0x00000000cc0c5a80) 
thrown [s\open\src\hotspot\share\prims\jni.cpp, line 516]
Event: 37.812 Thread 0x000001972f886130 Exception <a 'sun/nio/fs/WindowsException'{0x00000000cc0c6728}> (0x00000000cc0c6728) 
thrown [s\open\src\hotspot\share\prims\jni.cpp, line 516]
Event: 45.340 Thread 0x000001974ce13910 Implicit null exception at 0x00000197407d2817 to 0x00000197407d29fc
Event: 45.489 Thread 0x000001974ce13910 Exception <a 'java/lang/NoSuchMethodError'{0x00000000cad8cdc0}: 'java.lang.Object java.lang.invoke.DirectMethodHandle$Holder.invokeStatic(java.lang.Object, java.lang.Object, long, java.lang.Object)'> (0x00000000cad8cdc0) 
thrown [s\open\src\hotspot\share\interpreter\linkResolver.cpp, line 759]
Event: 45.536 Thread 0x000001974ce13910 Exception <a 'java/lang/NoSuchMethodError'{0x00000000cad90598}: 'java.lang.Object java.lang.invoke.DirectMethodHandle$Holder.invokeStaticInit(java.lang.Object, java.lang.Object, long, java.lang.Object)'> (0x00000000cad90598) 
thrown [s\open\src\hotspot\share\interpreter\linkResolver.cpp, line 759]
Event: 45.593 Thread 0x000001974ce13910 Exception <a 'java/lang/NoSuchMethodError'{0x00000000cad96be0}: 'java.lang.Object java.lang.invoke.DirectMethodHandle$Holder.newInvokeSpecial(java.lang.Object, java.lang.Object, long)'> (0x00000000cad96be0) 
thrown [s\open\src\hotspot\share\interpreter\linkResolver.cpp, line 759]
Event: 45.594 Thread 0x000001974ce13910 Exception <a 'java/lang/NoSuchMethodError'{0x00000000cad9a750}: 'java.lang.Object java.lang.invoke.Invokers$Holder.linkToTargetMethod(java.lang.Object, long, java.lang.Object)'> (0x00000000cad9a750) 
thrown [s\open\src\hotspot\share\interpreter\linkResolver.cpp, line 759]

VM Operations (20 events):
Event: 37.707 Executing VM operation: G1Concurrent
Event: 37.716 Executing VM operation: G1Concurrent done
Event: 37.757 Executing VM operation: G1Concurrent
Event: 37.757 Executing VM operation: G1Concurrent done
Event: 38.761 Executing VM operation: Cleanup
Event: 38.761 Executing VM operation: Cleanup done
Event: 39.771 Executing VM operation: Cleanup
Event: 39.771 Executing VM operation: Cleanup done
Event: 40.782 Executing VM operation: Cleanup
Event: 40.782 Executing VM operation: Cleanup done
Event: 43.814 Executing VM operation: Cleanup
Event: 43.814 Executing VM operation: Cleanup done
Event: 44.828 Executing VM operation: Cleanup
Event: 44.828 Executing VM operation: Cleanup done
Event: 45.159 Executing VM operation: HandshakeAllThreads
Event: 45.160 Executing VM operation: HandshakeAllThreads done
Event: 45.192 Executing VM operation: HandshakeAllThreads
Event: 45.192 Executing VM operation: HandshakeAllThreads done
Event: 46.200 Executing VM operation: Cleanup
Event: 46.200 Executing VM operation: Cleanup done

Events (20 events):
Event: 45.338 loading class java/lang/Byte$ByteCache done
Event: 45.402 loading class java/lang/ProcessHandle
Event: 45.403 loading class java/lang/ProcessHandle done
Event: 45.403 loading class java/util/concurrent/CompletableFuture
Event: 45.406 loading class java/util/concurrent/CompletionStage
Event: 45.414 loading class java/util/concurrent/CompletionStage done
Event: 45.414 loading class java/util/concurrent/CompletableFuture done
Event: 45.414 loading class java/lang/ProcessHandle$Info
Event: 45.414 loading class java/lang/ProcessHandle$Info done
Event: 45.415 loading class java/lang/ProcessHandleImpl
Event: 45.417 loading class java/lang/ProcessHandleImpl done
Event: 45.594 loading class java/util/concurrent/SynchronousQueue
Event: 45.681 loading class java/util/concurrent/SynchronousQueue done
Event: 45.681 loading class java/util/concurrent/SynchronousQueue$TransferStack
Event: 45.684 loading class java/util/concurrent/SynchronousQueue$Transferer
Event: 45.684 loading class java/util/concurrent/SynchronousQueue$Transferer done
Event: 45.684 loading class java/util/concurrent/SynchronousQueue$TransferStack done
Event: 45.685 loading class java/util/concurrent/SynchronousQueue$TransferStack$SNode
Event: 45.799 loading class java/util/concurrent/SynchronousQueue$TransferStack$SNode done
Event: 45.802 Thread 0x000001974ce13910 Thread exited: 0x000001974ce13910


Dynamic libraries:
0x00007ff679480000 - 0x00007ff679490000 	C:\Program Files\Java\jdk-17\bin\java.exe
0x00007ff937260000 - 0x00007ff9374c0000 	C:\WINDOWS\SYSTEM32\ntdll.dll
0x00007ff9355e0000 - 0x00007ff9356a7000 	C:\WINDOWS\System32\KERNEL32.DLL
0x00007ff934550000 - 0x00007ff93491a000 	C:\WINDOWS\System32\KERNELBASE.dll
0x00007ff934920000 - 0x00007ff934a6b000 	C:\WINDOWS\System32\ucrtbase.dll
0x00007ff90f710000 - 0x00007ff90f729000 	C:\Program Files\Java\jdk-17\bin\jli.dll
0x00007ff935460000 - 0x00007ff935512000 	C:\WINDOWS\System32\ADVAPI32.dll
0x00007ff90f6f0000 - 0x00007ff90f70b000 	C:\Program Files\Java\jdk-17\bin\VCRUNTIME140.dll
0x00007ff9353a0000 - 0x00007ff935449000 	C:\WINDOWS\System32\msvcrt.dll
0x00007ff9356b0000 - 0x00007ff935756000 	C:\WINDOWS\System32\sechost.dll
0x00007ff935ab0000 - 0x00007ff935bc6000 	C:\WINDOWS\System32\RPCRT4.dll
0x00007ff936160000 - 0x00007ff93632c000 	C:\WINDOWS\System32\USER32.dll
0x00007ff935000000 - 0x00007ff935027000 	C:\WINDOWS\System32\win32u.dll
0x00007ff935370000 - 0x00007ff93539a000 	C:\WINDOWS\System32\GDI32.dll
0x00007ff934e20000 - 0x00007ff934f51000 	C:\WINDOWS\System32\gdi32full.dll
0x00007ff934410000 - 0x00007ff9344b3000 	C:\WINDOWS\System32\msvcp_win.dll
0x00007ff91f3a0000 - 0x00007ff91f637000 	C:\WINDOWS\WinSxS\amd64_microsoft.windows.common-controls_6595b64144ccf1df_6.0.26100.3624_none_3e086962e3345f24\COMCTL32.dll
0x00007ff924510000 - 0x00007ff92451b000 	C:\WINDOWS\SYSTEM32\VERSION.dll
0x00007ff935030000 - 0x00007ff93505f000 	C:\WINDOWS\System32\IMM32.DLL
0x00007ff910620000 - 0x00007ff91062c000 	C:\Program Files\Java\jdk-17\bin\vcruntime140_1.dll
0x00007ff90f540000 - 0x00007ff90f5ce000 	C:\Program Files\Java\jdk-17\bin\msvcp140.dll
0x00007ff88b650000 - 0x00007ff88c22f000 	C:\Program Files\Java\jdk-17\bin\server\jvm.dll
0x00007ff935bd0000 - 0x00007ff935bd8000 	C:\WINDOWS\System32\PSAPI.DLL
0x00007ff910480000 - 0x00007ff91048a000 	C:\WINDOWS\SYSTEM32\WSOCK32.dll
0x00007ff9363b0000 - 0x00007ff936424000 	C:\WINDOWS\System32\WS2_32.dll
0x00007ff91f6b0000 - 0x00007ff91f6e6000 	C:\WINDOWS\SYSTEM32\WINMM.dll
0x00007ff933220000 - 0x00007ff93323a000 	C:\WINDOWS\SYSTEM32\kernel.appcore.dll
0x00007ff90fee0000 - 0x00007ff90feea000 	C:\Program Files\Java\jdk-17\bin\jimage.dll
0x00007ff92c440000 - 0x00007ff92c681000 	C:\WINDOWS\SYSTEM32\DBGHELP.DLL
0x00007ff936e60000 - 0x00007ff9371e2000 	C:\WINDOWS\System32\combase.dll
0x00007ff9357e0000 - 0x00007ff9358b6000 	C:\WINDOWS\System32\OLEAUT32.dll
0x00007ff9250a0000 - 0x00007ff9250d9000 	C:\WINDOWS\SYSTEM32\dbgcore.DLL
0x00007ff934f60000 - 0x00007ff934ff9000 	C:\WINDOWS\System32\bcryptPrimitives.dll
0x00007ff90f6c0000 - 0x00007ff90f6e5000 	C:\Program Files\Java\jdk-17\bin\java.dll
0x00007ff8d3900000 - 0x00007ff8d39d7000 	C:\Program Files\Java\jdk-17\bin\jsvml.dll
0x00007ff936730000 - 0x00007ff936e59000 	C:\WINDOWS\System32\SHELL32.dll
0x00007ff934cb0000 - 0x00007ff934e18000 	C:\WINDOWS\System32\wintypes.dll
0x00007ff9320a0000 - 0x00007ff9328f2000 	C:\WINDOWS\SYSTEM32\windows.storage.dll
0x00007ff936070000 - 0x00007ff93615d000 	C:\WINDOWS\System32\SHCORE.dll
0x00007ff936660000 - 0x00007ff9366c4000 	C:\WINDOWS\System32\shlwapi.dll
0x00007ff934320000 - 0x00007ff93434f000 	C:\WINDOWS\SYSTEM32\profapi.dll
0x00007ff90f6a0000 - 0x00007ff90f6b9000 	C:\Program Files\Java\jdk-17\bin\net.dll
0x00007ff9278d0000 - 0x00007ff9279ed000 	C:\WINDOWS\SYSTEM32\WINHTTP.dll
0x00007ff933740000 - 0x00007ff9337aa000 	C:\WINDOWS\system32\mswsock.dll
0x00007ff90f620000 - 0x00007ff90f636000 	C:\Program Files\Java\jdk-17\bin\nio.dll
0x00007ff90f600000 - 0x00007ff90f618000 	C:\Program Files\Java\jdk-17\bin\zip.dll
0x00007ff90f510000 - 0x00007ff90f534000 	C:\Users\Carlo\.m2\wrapper\dists\apache-maven-3.9.9\977a63e90f436cd6ade95b4c0e10c20c\lib\jansi-native\Windows\x86_64\jansi.dll
0x00007ff90f500000 - 0x00007ff90f510000 	C:\Program Files\Java\jdk-17\bin\verify.dll
0x00007ff933340000 - 0x00007ff933375000 	C:\WINDOWS\SYSTEM32\ntmarta.dll

dbghelp: loaded successfully - version: 4.0.5 - missing functions: none
symbol engine: initialized successfully - sym options: 0x614 - pdb path: .;C:\Program Files\Java\jdk-17\bin;C:\WINDOWS\SYSTEM32;C:\WINDOWS\WinSxS\amd64_microsoft.windows.common-controls_6595b64144ccf1df_6.0.26100.3624_none_3e086962e3345f24;C:\Program Files\Java\jdk-17\bin\server;C:\Users\Carlo\.m2\wrapper\dists\apache-maven-3.9.9\977a63e90f436cd6ade95b4c0e10c20c\lib\jansi-native\Windows\x86_64

VM Arguments:
jvm_args: -Dclassworlds.conf=C:\Users\Carlo\.m2\wrapper\dists\apache-maven-3.9.9\977a63e90f436cd6ade95b4c0e10c20c\bin\m2.conf -Dmaven.home=C:\Users\Carlo\.m2\wrapper\dists\apache-maven-3.9.9\977a63e90f436cd6ade95b4c0e10c20c -Dlibrary.jansi.path=C:\Users\Carlo\.m2\wrapper\dists\apache-maven-3.9.9\977a63e90f436cd6ade95b4c0e10c20c\lib\jansi-native -Dmaven.multiModuleProjectDirectory=C:\Users\Carlo\OneDrive\Desktop\desafio anlix\backend 
java_command: org.codehaus.plexus.classworlds.launcher.Launcher clean package -DskipTests
java_class_path (initial): C:\Users\Carlo\.m2\wrapper\dists\apache-maven-3.9.9\977a63e90f436cd6ade95b4c0e10c20c\boot\plexus-classworlds-2.8.0.jar
Launcher Type: SUN_STANDARD

[Global flags]
     intx CICompilerCount                          = 3                                         {product} {ergonomic}
     uint ConcGCThreads                            = 1                                         {product} {ergonomic}
     uint G1ConcRefinementThreads                  = 4                                         {product} {ergonomic}
   size_t G1HeapRegionSize                         = 1048576                                   {product} {ergonomic}
    uintx GCDrainStackTargetSize                   = 64                                        {product} {ergonomic}
   size_t InitialHeapSize                          = 65011712                                  {product} {ergonomic}
   size_t MarkStackSize                            = 4194304                                   {product} {ergonomic}
   size_t MaxHeapSize                              = 1031798784                                {product} {ergonomic}
   size_t MaxNewSize                               = 618659840                                 {product} {ergonomic}
   size_t MinHeapDeltaBytes                        = 1048576                                   {product} {ergonomic}
   size_t MinHeapSize                              = 8388608                                   {product} {ergonomic}
    uintx NonNMethodCodeHeapSize                   = 5832780                                {pd product} {ergonomic}
    uintx NonProfiledCodeHeapSize                  = 122912730                              {pd product} {ergonomic}
    uintx ProfiledCodeHeapSize                     = 122912730                              {pd product} {ergonomic}
    uintx ReservedCodeCacheSize                    = 251658240                              {pd product} {ergonomic}
     bool SegmentedCodeCache                       = true                                      {product} {ergonomic}
   size_t SoftMaxHeapSize                          = 1031798784                             {manageable} {ergonomic}
     bool UseCompressedClassPointers               = true                           {product lp64_product} {ergonomic}
     bool UseCompressedOops                        = true                           {product lp64_product} {ergonomic}
     bool UseG1GC                                  = true                                      {product} {ergonomic}
     bool UseLargePagesIndividualAllocation        = false                                  {pd product} {ergonomic}

Logging:
Log output configuration:
 #0: stdout all=warning uptime,level,tags
 #1: stderr all=off uptime,level,tags

Environment Variables:
JAVA_HOME=C:\Program Files\Java\jdk-17
PATH=C:\Program Files\Common Files\Oracle\Java\javapath;C:\WINDOWS\system32;C:\WINDOWS;C:\WINDOWS\System32\Wbem;C:\WINDOWS\System32\WindowsPowerShell\v1.0\;C:\WINDOWS\System32\OpenSSH\;C:\Program Files\Microsoft SQL Server\150\Tools\Binn\;C:\Program Files\Microsoft SQL Server\Client SDK\ODBC\170\Tools\Binn\;C:\Program Files\dotnet\;C:\Program Files\Git\cmd;C:\Users\Carlo\AppData\Roaming\Python\Python313\Scripts;C:\Program Files\nodejs\;C:\Program Files (x86)\Microsoft SQL Server\160\Tools\Binn\;C:\Program Files\Microsoft SQL Server\160\Tools\Binn\;C:\Program Files\Microsoft SQL Server\160\DTS\Binn\;C:\Program Files (x86)\Microsoft SQL Server\160\DTS\Binn\;C:\Program Files\Java\jdk-17\bin;;C:\Program Files\Docker\Docker\resources\bin;C:\Users\Carlo\AppData\Local\Programs\Python\Python313\Scripts\;C:\Users\Carlo\AppData\Local\Programs\Python\Python313\;C:\Users\Carlo\AppData\Local\Programs\Python\Launcher\;C:\Users\Carlo\AppData\Local\Microsoft\WindowsApps;C:\Users\Carlo\.dotnet\tools;C:\Program Files\JetBrains\IntelliJ IDEA 2024.3.2\bin;;C:\Users\Carlo\AppData\Local\Programs\Microsoft VS Code\bin;C:\Users\Carlo\AppData\Roaming\npm;
USERNAME=Carlo
OS=Windows_NT
PROCESSOR_IDENTIFIER=Intel64 Family 6 Model 142 Stepping 12, GenuineIntel



---------------  S Y S T E M  ---------------

OS:
 Windows 11 , 64 bit Build 26100 (10.0.26100.3775)
OS uptime: 0 days 16:28 hours
Hyper-V role detected

CPU: total 4 (initial active 4) (2 cores per cpu, 2 threads per core) family 6 model 142 stepping 12 microcode 0xec, cx8, cmov, fxsr, ht, mmx, 3dnowpref, sse, sse2, sse3, ssse3, sse4.1, sse4.2, popcnt, lzcnt, tsc, tscinvbit, avx, avx2, aes, erms, clmul, bmi1, bmi2, adx, fma, vzeroupper, clflush, clflushopt, hv

Memory: 4k page, system-wide physical 3930M (14M free)
TotalPageFile size 16218M (AvailPageFile size 1M)
current process WorkingSet (physical memory assigned to process): 92M, peak: 198M
current process commit charge ("private bytes"): 301M, peak: 333M

vm_info: Java HotSpot(TM) 64-Bit Server VM (17.0.10+11-LTS-240) for windows-amd64 JRE (17.0.10+11-LTS-240), built on Dec 19 2023 21:47:25 by "mach5one" with MS VC++ 17.1 (VS2022)

END.
